<?xml version="1.0" encoding="UTF-8"?>
<testsuite name="com.epam.esm.impl.CertificateEntityServiceImplTest" tests="6" skipped="0" failures="0" errors="0" timestamp="2022-04-05T18:17:41" hostname="DESKTOP-CE4U664" time="0.942">
  <properties/>
  <testcase name="update()" classname="com.epam.esm.impl.CertificateEntityServiceImplTest" time="0.918"/>
  <testcase name="testDeleteCertificate()" classname="com.epam.esm.impl.CertificateEntityServiceImplTest" time="0.003"/>
  <testcase name="testReadCertificateById()" classname="com.epam.esm.impl.CertificateEntityServiceImplTest" time="0.002"/>
  <testcase name="testReadAllCertificates()" classname="com.epam.esm.impl.CertificateEntityServiceImplTest" time="0.005"/>
  <testcase name="testCreate()" classname="com.epam.esm.impl.CertificateEntityServiceImplTest" time="0.006"/>
  <testcase name="readCertificateWithDifferentParams()" classname="com.epam.esm.impl.CertificateEntityServiceImplTest" time="0.004"/>
  <system-out><![CDATA[]]></system-out>
  <system-err><![CDATA[]]></system-err>
</testsuite>
