<?xml version="1.0" encoding="UTF-8"?>
<testsuite name="com.epam.esm.impl.TagEntityServiceImplTest" tests="5" skipped="0" failures="0" errors="0" timestamp="2022-03-31T07:09:49" hostname="DESKTOP-CE4U664" time="0.016">
  <properties/>
  <testcase name="testReadById()" classname="com.epam.esm.impl.TagEntityServiceImplTest" time="0.003"/>
  <testcase name="testDeleteTag()" classname="com.epam.esm.impl.TagEntityServiceImplTest" time="0.001"/>
  <testcase name="testReadAll()" classname="com.epam.esm.impl.TagEntityServiceImplTest" time="0.002"/>
  <testcase name="testCreate()" classname="com.epam.esm.impl.TagEntityServiceImplTest" time="0.005"/>
  <testcase name="getMostPopularTag()" classname="com.epam.esm.impl.TagEntityServiceImplTest" time="0.002"/>
  <system-out><![CDATA[]]></system-out>
  <system-err><![CDATA[]]></system-err>
</testsuite>
