<?xml version="1.0" encoding="UTF-8"?>
<testsuite name="com.epam.esm.impl.CertificateEntityServiceImplTest" tests="6" skipped="0" failures="0" errors="0" timestamp="2022-04-03T16:34:29" hostname="DESKTOP-CE4U664" time="1.042">
  <properties/>
  <testcase name="update()" classname="com.epam.esm.impl.CertificateEntityServiceImplTest" time="1.017"/>
  <testcase name="testDeleteCertificate()" classname="com.epam.esm.impl.CertificateEntityServiceImplTest" time="0.002"/>
  <testcase name="testReadCertificateById()" classname="com.epam.esm.impl.CertificateEntityServiceImplTest" time="0.002"/>
  <testcase name="testReadAllCertificates()" classname="com.epam.esm.impl.CertificateEntityServiceImplTest" time="0.005"/>
  <testcase name="testCreate()" classname="com.epam.esm.impl.CertificateEntityServiceImplTest" time="0.007"/>
  <testcase name="readCertificateWithDifferentParams()" classname="com.epam.esm.impl.CertificateEntityServiceImplTest" time="0.006"/>
  <system-out><![CDATA[]]></system-out>
  <system-err><![CDATA[]]></system-err>
</testsuite>
