<?xml version="1.0" encoding="UTF-8"?>
<testsuite name="com.epam.esm.impl.CertificateEntityServiceImplTest" tests="6" skipped="0" failures="0" errors="0" timestamp="2022-03-31T07:09:47" hostname="DESKTOP-CE4U664" time="0.974">
  <properties/>
  <testcase name="update()" classname="com.epam.esm.impl.CertificateEntityServiceImplTest" time="0.949"/>
  <testcase name="testDeleteCertificate()" classname="com.epam.esm.impl.CertificateEntityServiceImplTest" time="0.003"/>
  <testcase name="testReadCertificateById()" classname="com.epam.esm.impl.CertificateEntityServiceImplTest" time="0.002"/>
  <testcase name="testReadAllCertificates()" classname="com.epam.esm.impl.CertificateEntityServiceImplTest" time="0.005"/>
  <testcase name="testCreate()" classname="com.epam.esm.impl.CertificateEntityServiceImplTest" time="0.007"/>
  <testcase name="readCertificateWithDifferentParams()" classname="com.epam.esm.impl.CertificateEntityServiceImplTest" time="0.005"/>
  <system-out><![CDATA[]]></system-out>
  <system-err><![CDATA[]]></system-err>
</testsuite>
