<?xml version="1.0" encoding="UTF-8"?>
<testsuite name="com.epam.esm.impl.OrderServiceImplTest" tests="6" skipped="0" failures="0" errors="0" timestamp="2022-03-31T16:00:51" hostname="DESKTOP-CE4U664" time="0.103">
  <properties/>
  <testcase name="create()" classname="com.epam.esm.impl.OrderServiceImplTest" time="0.086"/>
  <testcase name="readAllOrdersByUserId()" classname="com.epam.esm.impl.OrderServiceImplTest" time="0.004"/>
  <testcase name="delete()" classname="com.epam.esm.impl.OrderServiceImplTest" time="0.003"/>
  <testcase name="readById()" classname="com.epam.esm.impl.OrderServiceImplTest" time="0.002"/>
  <testcase name="readCostAndDateOrderByUserId()" classname="com.epam.esm.impl.OrderServiceImplTest" time="0.002"/>
  <testcase name="readAll()" classname="com.epam.esm.impl.OrderServiceImplTest" time="0.002"/>
  <system-out><![CDATA[]]></system-out>
  <system-err><![CDATA[]]></system-err>
</testsuite>
