<?xml version="1.0" encoding="UTF-8"?>
<testsuite name="com.epam.esm.dao.impl.TagRepositoryImplTest" tests="5" skipped="0" failures="0" errors="0" timestamp="2022-02-08T08:31:31" hostname="DESKTOP-CE4U664" time="0.065">
  <properties/>
  <testcase name="delete()" classname="com.epam.esm.dao.impl.TagRepositoryImplTest" time="0.013"/>
  <testcase name="readByName()" classname="com.epam.esm.dao.impl.TagRepositoryImplTest" time="0.014"/>
  <testcase name="readById()" classname="com.epam.esm.dao.impl.TagRepositoryImplTest" time="0.013"/>
  <testcase name="readAll()" classname="com.epam.esm.dao.impl.TagRepositoryImplTest" time="0.011"/>
  <testcase name="testCreate()" classname="com.epam.esm.dao.impl.TagRepositoryImplTest" time="0.011"/>
  <system-out><![CDATA[]]></system-out>
  <system-err><![CDATA[]]></system-err>
</testsuite>
