<?xml version="1.0" encoding="UTF-8"?>
<testsuite name="com.epam.esm.impl.TagEntityServiceImplTest" tests="6" skipped="0" failures="0" errors="0" timestamp="2022-02-25T08:38:45" hostname="ASU_DENIS" time="0.03">
  <properties/>
  <testcase name="readException()" classname="com.epam.esm.impl.TagEntityServiceImplTest" time="0.006"/>
  <testcase name="testDeleteCertificate()" classname="com.epam.esm.impl.TagEntityServiceImplTest" time="0.004"/>
  <testcase name="testReadById()" classname="com.epam.esm.impl.TagEntityServiceImplTest" time="0.004"/>
  <testcase name="testReadAll()" classname="com.epam.esm.impl.TagEntityServiceImplTest" time="0.003"/>
  <testcase name="testCreate()" classname="com.epam.esm.impl.TagEntityServiceImplTest" time="0.005"/>
  <testcase name="getMostPopularTag()" classname="com.epam.esm.impl.TagEntityServiceImplTest" time="0.003"/>
  <system-out><![CDATA[]]></system-out>
  <system-err><![CDATA[]]></system-err>
</testsuite>
