<?xml version="1.0" encoding="UTF-8"?>
<testsuite name="com.epam.esm.impl.TagServiceImplTest" tests="5" skipped="0" failures="0" errors="0" timestamp="2022-02-08T08:31:34" hostname="DESKTOP-CE4U664" time="0.013">
  <properties/>
  <testcase name="readException()" classname="com.epam.esm.impl.TagServiceImplTest" time="0.003"/>
  <testcase name="testDeleteCertificate()" classname="com.epam.esm.impl.TagServiceImplTest" time="0.002"/>
  <testcase name="testReadById()" classname="com.epam.esm.impl.TagServiceImplTest" time="0.002"/>
  <testcase name="testReadAll()" classname="com.epam.esm.impl.TagServiceImplTest" time="0.001"/>
  <testcase name="testCreate()" classname="com.epam.esm.impl.TagServiceImplTest" time="0.003"/>
  <system-out><![CDATA[]]></system-out>
  <system-err><![CDATA[]]></system-err>
</testsuite>
