<?xml version="1.0" encoding="UTF-8"?>
<testsuite name="com.epam.esm.impl.OrderServiceImplTest" tests="7" skipped="0" failures="0" errors="0" timestamp="2022-02-25T08:38:45" hostname="ASU_DENIS" time="0.111">
  <properties/>
  <testcase name="create()" classname="com.epam.esm.impl.OrderServiceImplTest" time="0.071"/>
  <testcase name="readAllOrdersByUserId()" classname="com.epam.esm.impl.OrderServiceImplTest" time="0.005"/>
  <testcase name="delete()" classname="com.epam.esm.impl.OrderServiceImplTest" time="0.007"/>
  <testcase name="readById()" classname="com.epam.esm.impl.OrderServiceImplTest" time="0.004"/>
  <testcase name="testReadByIdWithInvalidId()" classname="com.epam.esm.impl.OrderServiceImplTest" time="0.004"/>
  <testcase name="readCostAndDateOrderByUserId()" classname="com.epam.esm.impl.OrderServiceImplTest" time="0.008"/>
  <testcase name="readAll()" classname="com.epam.esm.impl.OrderServiceImplTest" time="0.004"/>
  <system-out><![CDATA[]]></system-out>
  <system-err><![CDATA[]]></system-err>
</testsuite>
