<?xml version="1.0" encoding="UTF-8"?>
<testsuite name="com.epam.esm.impl.CertificateEntityServiceImplTest" tests="8" skipped="0" failures="0" errors="0" timestamp="2022-02-25T08:38:43" hostname="ASU_DENIS" time="2.125">
  <properties/>
  <testcase name="update()" classname="com.epam.esm.impl.CertificateEntityServiceImplTest" time="2.067"/>
  <testcase name="testReadByIdWithInvalidId()" classname="com.epam.esm.impl.CertificateEntityServiceImplTest" time="0.008"/>
  <testcase name="testDeleteCertificate()" classname="com.epam.esm.impl.CertificateEntityServiceImplTest" time="0.005"/>
  <testcase name="testReadCertificateById()" classname="com.epam.esm.impl.CertificateEntityServiceImplTest" time="0.005"/>
  <testcase name="testUpdateNotFoundException()" classname="com.epam.esm.impl.CertificateEntityServiceImplTest" time="0.004"/>
  <testcase name="testReadAllCertificates()" classname="com.epam.esm.impl.CertificateEntityServiceImplTest" time="0.006"/>
  <testcase name="testCreate()" classname="com.epam.esm.impl.CertificateEntityServiceImplTest" time="0.011"/>
  <testcase name="readCertificateWithDifferentParams()" classname="com.epam.esm.impl.CertificateEntityServiceImplTest" time="0.009"/>
  <system-out><![CDATA[]]></system-out>
  <system-err><![CDATA[]]></system-err>
</testsuite>
