<?xml version="1.0" encoding="UTF-8"?>
<testsuite name="com.epam.esm.dao.impl.TagRepositoryImplTest" tests="5" skipped="0" failures="0" errors="0" timestamp="2022-02-10T08:01:56" hostname="ASU_DENIS" time="0.107">
  <properties/>
  <testcase name="delete()" classname="com.epam.esm.dao.impl.TagRepositoryImplTest" time="0.024"/>
  <testcase name="readByName()" classname="com.epam.esm.dao.impl.TagRepositoryImplTest" time="0.019"/>
  <testcase name="readById()" classname="com.epam.esm.dao.impl.TagRepositoryImplTest" time="0.022"/>
  <testcase name="readAll()" classname="com.epam.esm.dao.impl.TagRepositoryImplTest" time="0.019"/>
  <testcase name="testCreate()" classname="com.epam.esm.dao.impl.TagRepositoryImplTest" time="0.017"/>
  <system-out><![CDATA[]]></system-out>
  <system-err><![CDATA[]]></system-err>
</testsuite>
