<?xml version="1.0" encoding="UTF-8"?>
<testsuite name="com.epam.esm.dao.impl.CertificateRepositoryImplTest" tests="8" skipped="0" failures="0" errors="0" timestamp="2022-02-10T08:01:55" hostname="ASU_DENIS" time="0.311">
  <properties/>
  <testcase name="addTag()" classname="com.epam.esm.dao.impl.CertificateRepositoryImplTest" time="0.106"/>
  <testcase name="create()" classname="com.epam.esm.dao.impl.CertificateRepositoryImplTest" time="0.049"/>
  <testcase name="delete()" classname="com.epam.esm.dao.impl.CertificateRepositoryImplTest" time="0.031"/>
  <testcase name="readByName()" classname="com.epam.esm.dao.impl.CertificateRepositoryImplTest" time="0.021"/>
  <testcase name="readById()" classname="com.epam.esm.dao.impl.CertificateRepositoryImplTest" time="0.021"/>
  <testcase name="update()" classname="com.epam.esm.dao.impl.CertificateRepositoryImplTest" time="0.033"/>
  <testcase name="readAll()" classname="com.epam.esm.dao.impl.CertificateRepositoryImplTest" time="0.021"/>
  <testcase name="readCertificateTags()" classname="com.epam.esm.dao.impl.CertificateRepositoryImplTest" time="0.018"/>
  <system-out><![CDATA[]]></system-out>
  <system-err><![CDATA[SLF4J: Failed to load class "org.slf4j.impl.StaticLoggerBinder".
SLF4J: Defaulting to no-operation (NOP) logger implementation
SLF4J: See http://www.slf4j.org/codes.html#StaticLoggerBinder for further details.
]]></system-err>
</testsuite>
